<?xml version="1.0" encoding="UTF-8"?>
<!-- Generated by org.testng.reporters.JUnitXMLReporter -->
<testsuite ignored="2" hostname="DESKTOP-D84TOFF" failures="0" tests="1" name="Default test" time="99.481" errors="0" timestamp="2023-04-24T19:20:15 IST">
  <testcase classname="testCases.LoginTest" name="test4" time="48.654"/>
  <testcase classname="testCases.LoginTest" name="test2" time="0.0">
    <ignored/>
  </testcase> <!-- test2 -->
  <testcase classname="testCases.LoginTest" name="test1" time="0.0">
    <ignored/>
  </testcase> <!-- test1 -->
</testsuite> <!-- Default test -->
