<?xml version="1.0" encoding="UTF-8"?>
<testng-results ignored="0" total="1" passed="1" failed="0" skipped="0">
  <reporter-output>
  </reporter-output>
  <suite started-at="2023-04-30T11:48:32 IST" name="Suite" finished-at="2023-04-30T11:50:11 IST" duration-ms="98316">
    <groups>
    </groups>
    <test started-at="2023-04-30T11:48:32 IST" name="Test" finished-at="2023-04-30T11:50:11 IST" duration-ms="98316">
      <class name="testCases.HomePageTest">
        <test-method is-config="true" signature="ReportSetup()[pri:0, instance:testCases.HomePageTest@662b4c69]" started-at="2023-04-30T11:48:32 IST" name="ReportSetup" finished-at="2023-04-30T11:48:44 IST" duration-ms="11997" status="PASS">
          <reporter-output>
          </reporter-output>
        </test-method> <!-- ReportSetup -->
        <test-method is-config="true" signature="SetUp(java.lang.reflect.Method)[pri:0, instance:testCases.HomePageTest@662b4c69]" started-at="2023-04-30T11:48:44 IST" name="SetUp" finished-at="2023-04-30T11:50:02 IST" duration-ms="78116" status="PASS">
          <params>
            <param index="0">
              <value>
                <![CDATA[public void testCases.HomePageTest.test3()]]>
              </value>
            </param>
          </params>
          <reporter-output>
          </reporter-output>
        </test-method> <!-- SetUp -->
        <test-method signature="test3()[pri:0, instance:testCases.HomePageTest@662b4c69]" started-at="2023-04-30T11:50:02 IST" name="test3" finished-at="2023-04-30T11:50:02 IST" duration-ms="8" status="PASS">
          <reporter-output>
          </reporter-output>
        </test-method> <!-- test3 -->
        <test-method is-config="true" signature="TearDown()[pri:0, instance:testCases.HomePageTest@662b4c69]" started-at="2023-04-30T11:50:02 IST" name="TearDown" finished-at="2023-04-30T11:50:09 IST" duration-ms="6781" status="PASS">
          <reporter-output>
          </reporter-output>
        </test-method> <!-- TearDown -->
        <test-method is-config="true" signature="ReportClean()[pri:0, instance:testCases.HomePageTest@662b4c69]" started-at="2023-04-30T11:50:09 IST" name="ReportClean" finished-at="2023-04-30T11:50:11 IST" duration-ms="1298" status="PASS">
          <reporter-output>
          </reporter-output>
        </test-method> <!-- ReportClean -->
      </class> <!-- testCases.HomePageTest -->
    </test> <!-- Test -->
  </suite> <!-- Suite -->
</testng-results>
