<?xml version="1.0" encoding="UTF-8"?>
<testng-results ignored="0" total="3" passed="3" failed="0" skipped="0">
  <reporter-output>
  </reporter-output>
  <suite started-at="2023-04-24T19:22:22 IST" name="Suite" finished-at="2023-04-24T19:23:28 IST" duration-ms="66459">
    <groups>
    </groups>
    <test started-at="2023-04-24T19:22:22 IST" name="Test" finished-at="2023-04-24T19:23:28 IST" duration-ms="66459">
      <class name="testCases.LoginTest">
        <test-method is-config="true" signature="ReportSetup()[pri:0, instance:testCases.LoginTest@71238fc2]" started-at="2023-04-24T19:22:22 IST" name="ReportSetup" finished-at="2023-04-24T19:22:23 IST" duration-ms="1245" status="PASS">
          <reporter-output>
          </reporter-output>
        </test-method> <!-- ReportSetup -->
        <test-method is-config="true" signature="SetUp(java.lang.reflect.Method)[pri:0, instance:testCases.LoginTest@71238fc2]" started-at="2023-04-24T19:22:23 IST" name="SetUp" finished-at="2023-04-24T19:22:32 IST" duration-ms="8546" status="PASS">
          <params>
            <param index="0">
              <value>
                <![CDATA[public void testCases.LoginTest.test1()]]>
              </value>
            </param>
          </params>
          <reporter-output>
          </reporter-output>
        </test-method> <!-- SetUp -->
        <test-method signature="test1()[pri:0, instance:testCases.LoginTest@71238fc2]" started-at="2023-04-24T19:22:32 IST" name="test1" finished-at="2023-04-24T19:22:44 IST" duration-ms="12162" status="PASS">
          <reporter-output>
          </reporter-output>
        </test-method> <!-- test1 -->
        <test-method is-config="true" signature="TearDown()[pri:0, instance:testCases.LoginTest@71238fc2]" started-at="2023-04-24T19:22:44 IST" name="TearDown" finished-at="2023-04-24T19:22:44 IST" duration-ms="465" status="PASS">
          <reporter-output>
          </reporter-output>
        </test-method> <!-- TearDown -->
        <test-method is-config="true" signature="SetUp(java.lang.reflect.Method)[pri:0, instance:testCases.LoginTest@71238fc2]" started-at="2023-04-24T19:22:44 IST" name="SetUp" finished-at="2023-04-24T19:22:53 IST" duration-ms="8982" status="PASS">
          <params>
            <param index="0">
              <value>
                <![CDATA[public void testCases.LoginTest.test2()]]>
              </value>
            </param>
          </params>
          <reporter-output>
          </reporter-output>
        </test-method> <!-- SetUp -->
        <test-method signature="test2()[pri:0, instance:testCases.LoginTest@71238fc2]" started-at="2023-04-24T19:22:53 IST" name="test2" finished-at="2023-04-24T19:23:03 IST" duration-ms="9275" status="PASS">
          <reporter-output>
          </reporter-output>
        </test-method> <!-- test2 -->
        <test-method is-config="true" signature="TearDown()[pri:0, instance:testCases.LoginTest@71238fc2]" started-at="2023-04-24T19:23:03 IST" name="TearDown" finished-at="2023-04-24T19:23:03 IST" duration-ms="448" status="PASS">
          <reporter-output>
          </reporter-output>
        </test-method> <!-- TearDown -->
        <test-method is-config="true" signature="SetUp(java.lang.reflect.Method)[pri:0, instance:testCases.LoginTest@71238fc2]" started-at="2023-04-24T19:23:03 IST" name="SetUp" finished-at="2023-04-24T19:23:12 IST" duration-ms="9167" status="PASS">
          <params>
            <param index="0">
              <value>
                <![CDATA[public void testCases.LoginTest.test4(java.lang.reflect.Method) throws com.codoid.products.exception.FilloException]]>
              </value>
            </param>
          </params>
          <reporter-output>
          </reporter-output>
        </test-method> <!-- SetUp -->
        <test-method signature="test4(java.lang.reflect.Method)[pri:0, instance:testCases.LoginTest@71238fc2]" started-at="2023-04-24T19:23:12 IST" name="test4" finished-at="2023-04-24T19:23:27 IST" duration-ms="14621" status="PASS">
          <params>
            <param index="0">
              <value>
                <![CDATA[public void testCases.LoginTest.test4(java.lang.reflect.Method) throws com.codoid.products.exception.FilloException]]>
              </value>
            </param>
          </params>
          <reporter-output>
          </reporter-output>
        </test-method> <!-- test4 -->
        <test-method is-config="true" signature="TearDown()[pri:0, instance:testCases.LoginTest@71238fc2]" started-at="2023-04-24T19:23:27 IST" name="TearDown" finished-at="2023-04-24T19:23:27 IST" duration-ms="642" status="PASS">
          <reporter-output>
          </reporter-output>
        </test-method> <!-- TearDown -->
        <test-method is-config="true" signature="ReportClean()[pri:0, instance:testCases.LoginTest@71238fc2]" started-at="2023-04-24T19:23:27 IST" name="ReportClean" finished-at="2023-04-24T19:23:28 IST" duration-ms="814" status="PASS">
          <reporter-output>
          </reporter-output>
        </test-method> <!-- ReportClean -->
      </class> <!-- testCases.LoginTest -->
    </test> <!-- Test -->
  </suite> <!-- Suite -->
</testng-results>
